<?xml version="1.0" encoding="UTF-8"?>
<!-- Generated by org.testng.reporters.JUnitReportReporter -->
<testsuite skipped="0" hostname="RAKESH-HN" name="tc.oneCase" tests="1" failures="0" timestamp="2020-02-18T15:06:14 IST" time="44.472" errors="0">
  <testcase name="Ebay" time="44.472" classname="tc.oneCase"/>
</testsuite> <!-- tc.oneCase -->
